<?xml version="1.0" encoding="UTF-8"?>
<testng-results skipped="0" failed="0" total="1" passed="1">
  <reporter-output>
  </reporter-output>
  <suite name="All Tests" duration-ms="9202" started-at="2015-07-13T13:04:48Z" finished-at="2015-07-13T13:04:58Z">
    <groups>
    </groups>
    <test name="Google Search Test" duration-ms="9202" started-at="2015-07-13T13:04:48Z" finished-at="2015-07-13T13:04:58Z">
      <class name="tests.GoogleSearchTests">
        <test-method status="PASS" signature="beforeMethod()[pri:0, instance:tests.GoogleSearchTests@6a3d899a]" name="beforeMethod" is-config="true" duration-ms="5192" started-at="2015-07-13T14:04:48Z" finished-at="2015-07-13T14:04:54Z">
          <reporter-output>
          </reporter-output>
        </test-method> <!-- beforeMethod -->
        <test-method status="PASS" signature="TestGoogleSearch()[pri:0, instance:tests.GoogleSearchTests@6a3d899a]" name="TestGoogleSearch" duration-ms="3396" started-at="2015-07-13T14:04:54Z" finished-at="2015-07-13T14:04:57Z">
          <reporter-output>
          </reporter-output>
        </test-method> <!-- TestGoogleSearch -->
        <test-method status="PASS" signature="afterMethod()[pri:0, instance:tests.GoogleSearchTests@6a3d899a]" name="afterMethod" is-config="true" duration-ms="584" started-at="2015-07-13T14:04:57Z" finished-at="2015-07-13T14:04:58Z">
          <reporter-output>
          </reporter-output>
        </test-method> <!-- afterMethod -->
      </class> <!-- tests.GoogleSearchTests -->
    </test> <!-- Google Search Test -->
  </suite> <!-- All Tests -->
</testng-results>
